app/build/outputs/logs/manifest-merger-release-report.txt
-- Merging decision tree log ---
manifest
ADDED from src\main\AndroidManifest.xml:2:1-491:12
INJECTED from src\main\AndroidManifest.xml:2:1-491:12
INJECTED from src\main\AndroidManifest.xml:2:1-491:12
INJECTED from src\main\AndroidManifest.xml:2:1-491:12
MERGED from [com.facebook.stetho:stetho:1.5.0] AndroidManifest.xml:2:1-13:12
MERGED from [com.google.android.gms:play-services-maps:10.2.1] AndroidManifest.xml:16:1-25:12
MERGED from [com.google.android.gms:play-services-location:10.2.1] AndroidManifest.xml:2:1-5:12
MERGED from [com.squareup.leakcanary:leakcanary-android-no-op:1.5.1] AndroidManifest.xml:17:1-22:12
MERGED from [com.google.android.gms:play-services-base:10.2.1] AndroidManifest.xml:16:1-21:12
MERGED from [com.google.android.gms:play-services-tasks:10.2.1] AndroidManifest.xml:2:1-5:12
MERGED from [com.google.android.gms:play-services-basement:10.2.1] AndroidManifest.xml:16:1-23:12
MERGED from [com.android.support:support-v4:24.0.0] AndroidManifest.xml:17:1-27:12
INJECTED from src\main\AndroidManifest.xml:2:1-491:12
INJECTED from src\main\AndroidManifest.xml:2:1-491:12
INJECTED from src\main\AndroidManifest.xml:2:1-491:12
	package
		ADDED from src\main\AndroidManifest.xml:4:5-47
		INJECTED from src\main\AndroidManifest.xml
		INJECTED from src\main\AndroidManifest.xml
	android:versionName
		ADDED from src\main\AndroidManifest.xml:6:5-30
		INJECTED from src\main\AndroidManifest.xml
		INJECTED from src\main\AndroidManifest.xml
	xmlns:tools
		ADDED from src\main\AndroidManifest.xml:3:5-51
	xmlns:android
		ADDED from src\main\AndroidManifest.xml:2:11-69
	android:versionCode
		ADDED from src\main\AndroidManifest.xml:5:5-28
		INJECTED from src\main\AndroidManifest.xml
		INJECTED from src\main\AndroidManifest.xml
uses-permission#android.permission.INTERNET
ADDED from src\main\AndroidManifest.xml:9:5-67
MERGED from [com.google.android.gms:play-services-maps:10.2.1] AndroidManifest.xml:20:5-66
MERGED from [com.google.android.gms:play-services-maps:10.2.1] AndroidManifest.xml:20:5-66
	android:name
		ADDED from src\main\AndroidManifest.xml:9:22-64
uses-permission#android.permission.ACCESS_NETWORK_STATE
ADDED from src\main\AndroidManifest.xml:10:5-79
MERGED from [com.google.android.gms:play-services-maps:10.2.1] AndroidManifest.xml:19:5-78
MERGED from [com.google.android.gms:play-services-maps:10.2.1] AndroidManifest.xml:19:5-78
	android:name
		ADDED from src\main\AndroidManifest.xml:10:22-76
uses-permission#android.permission.WRITE_EXTERNAL_STORAGE
ADDED from src\main\AndroidManifest.xml:11:5-81
	android:name
		ADDED from src\main\AndroidManifest.xml:11:22-78
uses-permission#android.permission.ACCESS_FINE_LOCATION
ADDED from src\main\AndroidManifest.xml:12:5-79
	android:name
		ADDED from src\main\AndroidManifest.xml:12:22-76
uses-permission#android.permission.ACCESS_COARSE_LOCATION
ADDED from src\main\AndroidManifest.xml:13:5-81
	android:name
		ADDED from src\main\AndroidManifest.xml:13:22-78
uses-permission#android.permission.READ_CALENDAR
ADDED from src\main\AndroidManifest.xml:14:5-72
	android:name
		ADDED from src\main\AndroidManifest.xml:14:22-69
uses-permission#android.permission.WRITE_CALENDAR
ADDED from src\main\AndroidManifest.xml:15:5-73
	android:name
		ADDED from src\main\AndroidManifest.xml:15:22-70
uses-permission#android.permission.INSTALL_PACKAGES
ADDED from src\main\AndroidManifest.xml:16:5-75
	android:name
		ADDED from src\main\AndroidManifest.xml:16:22-72
uses-permission#android.permission.DELETE_PACKAGES
ADDED from src\main\AndroidManifest.xml:17:5-74
	android:name
		ADDED from src\main\AndroidManifest.xml:17:22-71
uses-permission#android.permission.BLUETOOTH_ADMIN
ADDED from src\main\AndroidManifest.xml:18:5-74
	android:name
		ADDED from src\main\AndroidManifest.xml:18:22-71
uses-permission#android.permission.BLUETOOTH
ADDED from src\main\AndroidManifest.xml:19:5-68
	android:name
		ADDED from src\main\AndroidManifest.xml:19:22-65
uses-permission#android.permission.READ_PHONE_STATE
ADDED from src\main\AndroidManifest.xml:20:5-75
	android:name
		ADDED from src\main\AndroidManifest.xml:20:22-72
uses-permission#android.permission.READ_EXTERNAL_STORAGE
ADDED from src\main\AndroidManifest.xml:21:5-80
	android:name
		ADDED from src\main\AndroidManifest.xml:21:22-77
application
ADDED from src\main\AndroidManifest.xml:23:5-489:19
MERGED from [com.facebook.stetho:stetho:1.5.0] AndroidManifest.xml:11:5-20
MERGED from [com.facebook.stetho:stetho:1.5.0] AndroidManifest.xml:11:5-20
MERGED from [com.google.android.gms:play-services-maps:10.2.1] AndroidManifest.xml:24:5-19
MERGED from [com.google.android.gms:play-services-maps:10.2.1] AndroidManifest.xml:24:5-19
MERGED from [com.google.android.gms:play-services-location:10.2.1] AndroidManifest.xml:4:5-19
MERGED from [com.google.android.gms:play-services-location:10.2.1] AndroidManifest.xml:4:5-19
MERGED from [com.google.android.gms:play-services-base:10.2.1] AndroidManifest.xml:18:5-20:19
MERGED from [com.google.android.gms:play-services-base:10.2.1] AndroidManifest.xml:18:5-20:19
MERGED from [com.google.android.gms:play-services-tasks:10.2.1] AndroidManifest.xml:4:5-19
MERGED from [com.google.android.gms:play-services-tasks:10.2.1] AndroidManifest.xml:4:5-19
MERGED from [com.google.android.gms:play-services-basement:10.2.1] AndroidManifest.xml:19:5-21:19
MERGED from [com.google.android.gms:play-services-basement:10.2.1] AndroidManifest.xml:19:5-21:19
MERGED from [com.android.support:support-v4:24.0.0] AndroidManifest.xml:25:5-20
MERGED from [com.android.support:support-v4:24.0.0] AndroidManifest.xml:25:5-20
	android:label
		ADDED from src\main\AndroidManifest.xml:26:9-41
	android:icon
		ADDED from src\main\AndroidManifest.xml:25:9-47
	android:theme
		ADDED from src\main\AndroidManifest.xml:27:9-40
	android:name
		ADDED from src\main\AndroidManifest.xml:24:9-28
uses-library#com.google.android.maps
ADDED from src\main\AndroidManifest.xml:28:9-64
	android:name
		ADDED from src\main\AndroidManifest.xml:28:23-61
activity#com.menadinteractive.folliet2016.DashboardActivity
ADDED from src\main\AndroidManifest.xml:30:9-39:20
	android:screenOrientation
		ADDED from src\main\AndroidManifest.xml:33:13-49
	android:label
		ADDED from src\main\AndroidManifest.xml:32:13-45
	android:name
		ADDED from src\main\AndroidManifest.xml:31:13-46
intent-filter#action:name:android.intent.action.MAIN+category:name:android.intent.category.LAUNCHER
ADDED from src\main\AndroidManifest.xml:34:13-38:29
action#android.intent.action.MAIN
ADDED from src\main\AndroidManifest.xml:35:17-69
	android:name
		ADDED from src\main\AndroidManifest.xml:35:25-66
category#android.intent.category.LAUNCHER
ADDED from src\main\AndroidManifest.xml:37:17-77
	android:name
		ADDED from src\main\AndroidManifest.xml:37:27-74
activity#com.menadinteractive.segafredo.carto.CartoMapActivity
ADDED from src\main\AndroidManifest.xml:40:9-44:54
	android:label
		ADDED from src\main\AndroidManifest.xml:43:13-45
	android:launchMode
		ADDED from src\main\AndroidManifest.xml:44:13-42
	android:configChanges
		ADDED from src\main\AndroidManifest.xml:42:13-74
	android:name
		ADDED from src\main\AndroidManifest.xml:41:13-81
activity#com.menadinteractive.segafredo.tournee.TourneeActivity
ADDED from src\main\AndroidManifest.xml:52:9-56:54
	android:label
		ADDED from src\main\AndroidManifest.xml:55:13-45
	android:launchMode
		ADDED from src\main\AndroidManifest.xml:56:13-42
	android:configChanges
		ADDED from src\main\AndroidManifest.xml:54:13-74
	android:name
		ADDED from src\main\AndroidManifest.xml:53:13-82
activity#com.menadinteractive.folliet2016.prefs_authent
ADDED from src\main\AndroidManifest.xml:64:9-69:61
	android:screenOrientation
		ADDED from src\main\AndroidManifest.xml:69:13-49
	android:label
		ADDED from src\main\AndroidManifest.xml:67:13-45
	android:launchMode
		ADDED from src\main\AndroidManifest.xml:68:13-42
	android:configChanges
		ADDED from src\main\AndroidManifest.xml:66:13-74
	android:name
		ADDED from src\main\AndroidManifest.xml:65:13-42
activity#com.menadinteractive.segafredo.synchro.SynchroActivity
ADDED from src\main\AndroidManifest.xml:70:9-75:61
	android:screenOrientation
		ADDED from src\main\AndroidManifest.xml:75:13-49
	android:label
		ADDED from src\main\AndroidManifest.xml:73:13-45
	android:launchMode
		ADDED from src\main\AndroidManifest.xml:74:13-42
	android:configChanges
		ADDED from src\main\AndroidManifest.xml:72:13-74
	android:name
		ADDED from src\main\AndroidManifest.xml:71:13-82
activity#com.menadinteractive.commande.commandeActivity
ADDED from src\main\AndroidManifest.xml:76:9-82:66
	android:screenOrientation
		ADDED from src\main\AndroidManifest.xml:81:13-49
	android:label
		ADDED from src\main\AndroidManifest.xml:79:13-45
	android:launchMode
		ADDED from src\main\AndroidManifest.xml:80:13-42
	android:windowSoftInputMode
		ADDED from src\main\AndroidManifest.xml:82:13-54
	android:configChanges
		ADDED from src\main\AndroidManifest.xml:78:13-74
	android:name
		ADDED from src\main\AndroidManifest.xml:77:13-74
activity#com.menadinteractive.inventaire.InventaireActivity
ADDED from src\main\AndroidManifest.xml:83:9-89:79
	android:screenOrientation
		ADDED from src\main\AndroidManifest.xml:88:13-49
	android:label
		ADDED from src\main\AndroidManifest.xml:86:13-45
	android:launchMode
		ADDED from src\main\AndroidManifest.xml:87:13-42
	android:windowSoftInputMode
		ADDED from src\main\AndroidManifest.xml:89:13-67
	android:configChanges
		ADDED from src\main\AndroidManifest.xml:85:13-74
	android:name
		ADDED from src\main\AndroidManifest.xml:84:13-78
activity#com.menadinteractive.echangestock.EchangeStockActivity
ADDED from src\main\AndroidManifest.xml:90:9-96:79
	android:screenOrientation
		ADDED from src\main\AndroidManifest.xml:95:13-49
	android:label
		ADDED from src\main\AndroidManifest.xml:93:13-45
	android:launchMode
		ADDED from src\main\AndroidManifest.xml:94:13-42
	android:windowSoftInputMode
		ADDED from src\main\AndroidManifest.xml:96:13-67
	android:configChanges
		ADDED from src\main\AndroidManifest.xml:92:13-74
	android:name
		ADDED from src\main\AndroidManifest.xml:91:13-82
activity#com.menadinteractive.echangestock.ValidationEchangeActivity
ADDED from src\main\AndroidManifest.xml:97:9-102:61
	android:screenOrientation
		ADDED from src\main\AndroidManifest.xml:102:13-49
	android:label
		ADDED from src\main\AndroidManifest.xml:100:13-45
	android:launchMode
		ADDED from src\main\AndroidManifest.xml:101:13-42
	android:configChanges
		ADDED from src\main\AndroidManifest.xml:99:13-74
	android:name
		ADDED from src\main\AndroidManifest.xml:98:13-87
activity#com.menadinteractive.inventaire.ValidationInventaire
ADDED from src\main\AndroidManifest.xml:103:9-108:61
	android:screenOrientation
		ADDED from src\main\AndroidManifest.xml:108:13-49
	android:label
		ADDED from src\main\AndroidManifest.xml:106:13-45
	android:launchMode
		ADDED from src\main\AndroidManifest.xml:107:13-42
	android:configChanges
		ADDED from src\main\AndroidManifest.xml:105:13-74
	android:name
		ADDED from src\main\AndroidManifest.xml:104:13-80
activity#com.menadinteractive.transfertstock.TransferstockActivity
ADDED from src\main\AndroidManifest.xml:109:9-114:61
	android:screenOrientation
		ADDED from src\main\AndroidManifest.xml:114:13-49
	android:label
		ADDED from src\main\AndroidManifest.xml:112:13-45
	android:launchMode
		ADDED from src\main\AndroidManifest.xml:113:13-42
	android:configChanges
		ADDED from src\main\AndroidManifest.xml:111:13-74
	android:name
		ADDED from src\main\AndroidManifest.xml:110:13-85
activity#com.menadinteractive.segafredo.plugins.MiseAJour
ADDED from src\main\AndroidManifest.xml:115:9-119:54
	android:label
		ADDED from src\main\AndroidManifest.xml:118:13-45
	android:launchMode
		ADDED from src\main\AndroidManifest.xml:119:13-42
	android:configChanges
		ADDED from src\main\AndroidManifest.xml:117:13-74
	android:name
		ADDED from src\main\AndroidManifest.xml:116:13-76
activity#com.menadinteractive.segafredo.client.ficheclient
ADDED from src\main\AndroidManifest.xml:120:9-125:61
	android:screenOrientation
		ADDED from src\main\AndroidManifest.xml:125:13-49
	android:label
		ADDED from src\main\AndroidManifest.xml:123:13-45
	android:launchMode
		ADDED from src\main\AndroidManifest.xml:124:13-42
	android:configChanges
		ADDED from src\main\AndroidManifest.xml:122:13-74
	android:name
		ADDED from src\main\AndroidManifest.xml:121:13-77
activity#com.menadinteractive.segafredo.client.statclient
ADDED from src\main\AndroidManifest.xml:126:9-131:61
	android:screenOrientation
		ADDED from src\main\AndroidManifest.xml:131:13-49
	android:label
		ADDED from src\main\AndroidManifest.xml:129:13-45
	android:launchMode
		ADDED from src\main\AndroidManifest.xml:130:13-42
	android:configChanges
		ADDED from src\main\AndroidManifest.xml:128:13-74
	android:name
		ADDED from src\main\AndroidManifest.xml:127:13-76
activity#com.menadinteractive.segafredo.rapportactivite.rapportactivite
ADDED from src\main\AndroidManifest.xml:132:9-138:66
	android:screenOrientation
		ADDED from src\main\AndroidManifest.xml:137:13-49
	android:label
		ADDED from src\main\AndroidManifest.xml:135:13-45
	android:launchMode
		ADDED from src\main\AndroidManifest.xml:136:13-42
	android:windowSoftInputMode
		ADDED from src\main\AndroidManifest.xml:138:13-54
	android:configChanges
		ADDED from src\main\AndroidManifest.xml:134:13-74
	android:name
		ADDED from src\main\AndroidManifest.xml:133:13-90
activity#com.menadinteractive.segafredo.rapportactivite.rapportActivity
ADDED from src\main\AndroidManifest.xml:139:9-145:66
	android:screenOrientation
		ADDED from src\main\AndroidManifest.xml:144:13-49
	android:label
		ADDED from src\main\AndroidManifest.xml:142:13-45
	android:launchMode
		ADDED from src\main\AndroidManifest.xml:143:13-42
	android:windowSoftInputMode
		ADDED from src\main\AndroidManifest.xml:145:13-54
	android:configChanges
		ADDED from src\main\AndroidManifest.xml:141:13-74
	android:name
		ADDED from src\main\AndroidManifest.xml:140:13-90
activity#com.menadinteractive.segafredo.rapportactivite.rapporttodo
ADDED from src\main\AndroidManifest.xml:146:9-152:66
	android:screenOrientation
		ADDED from src\main\AndroidManifest.xml:151:13-49
	android:label
		ADDED from src\main\AndroidManifest.xml:149:13-45
	android:launchMode
		ADDED from src\main\AndroidManifest.xml:150:13-42
	android:windowSoftInputMode
		ADDED from src\main\AndroidManifest.xml:152:13-54
	android:configChanges
		ADDED from src\main\AndroidManifest.xml:148:13-74
	android:name
		ADDED from src\main\AndroidManifest.xml:147:13-86
activity#com.menadinteractive.histo.InterventionAutreActivity
ADDED from src\main\AndroidManifest.xml:153:9-159:66
	android:screenOrientation
		ADDED from src\main\AndroidManifest.xml:158:13-49
	android:label
		ADDED from src\main\AndroidManifest.xml:156:13-45
	android:launchMode
		ADDED from src\main\AndroidManifest.xml:157:13-42
	android:windowSoftInputMode
		ADDED from src\main\AndroidManifest.xml:159:13-54
	android:configChanges
		ADDED from src\main\AndroidManifest.xml:155:13-74
	android:name
		ADDED from src\main\AndroidManifest.xml:154:13-80
activity#com.menadinteractive.histo.InterventionAutreRAActivity
ADDED from src\main\AndroidManifest.xml:160:9-166:66
	android:screenOrientation
		ADDED from src\main\AndroidManifest.xml:165:13-49
	android:label
		ADDED from src\main\AndroidManifest.xml:163:13-45
	android:launchMode
		ADDED from src\main\AndroidManifest.xml:164:13-42
	android:windowSoftInputMode
		ADDED from src\main\AndroidManifest.xml:166:13-54
	android:configChanges
		ADDED from src\main\AndroidManifest.xml:162:13-74
	android:name
		ADDED from src\main\AndroidManifest.xml:161:13-82
activity#com.menadinteractive.segafredo.client.GeolocalisationClient
ADDED from src\main\AndroidManifest.xml:167:9-172:61
	android:screenOrientation
		ADDED from src\main\AndroidManifest.xml:172:13-49
	android:label
		ADDED from src\main\AndroidManifest.xml:170:13-45
	android:launchMode
		ADDED from src\main\AndroidManifest.xml:171:13-42
	android:configChanges
		ADDED from src\main\AndroidManifest.xml:169:13-74
	android:name
		ADDED from src\main\AndroidManifest.xml:168:13-87
activity#com.menadinteractive.negos.media.ItecMediaActivity
ADDED from src\main\AndroidManifest.xml:173:9-178:66
	android:label
		ADDED from src\main\AndroidManifest.xml:176:13-45
	android:launchMode
		ADDED from src\main\AndroidManifest.xml:177:13-42
	android:windowSoftInputMode
		ADDED from src\main\AndroidManifest.xml:178:13-54
	android:configChanges
		ADDED from src\main\AndroidManifest.xml:175:13-74
	android:name
		ADDED from src\main\AndroidManifest.xml:174:13-78
activity#com.menadinteractive.commande.commandeInput
ADDED from src\main\AndroidManifest.xml:179:9-185:66
	android:screenOrientation
		ADDED from src\main\AndroidManifest.xml:184:13-49
	android:label
		ADDED from src\main\AndroidManifest.xml:182:13-45
	android:launchMode
		ADDED from src\main\AndroidManifest.xml:183:13-42
	android:windowSoftInputMode
		ADDED from src\main\AndroidManifest.xml:185:13-54
	android:configChanges
		ADDED from src\main\AndroidManifest.xml:181:13-74
	android:name
		ADDED from src\main\AndroidManifest.xml:180:13-71
activity#com.menadinteractive.negos.quest.pac_plans_filler
ADDED from src\main\AndroidManifest.xml:186:9-190:61
	android:screenOrientation
		ADDED from src\main\AndroidManifest.xml:190:13-49
	android:launchMode
		ADDED from src\main\AndroidManifest.xml:189:13-43
	android:configChanges
		ADDED from src\main\AndroidManifest.xml:188:13-63
	android:name
		ADDED from src\main\AndroidManifest.xml:187:13-77
activity#com.menadinteractive.negos.quest.pac_plans_filler2
ADDED from src\main\AndroidManifest.xml:191:9-195:61
	android:screenOrientation
		ADDED from src\main\AndroidManifest.xml:195:13-49
	android:launchMode
		ADDED from src\main\AndroidManifest.xml:194:13-43
	android:configChanges
		ADDED from src\main\AndroidManifest.xml:193:13-63
	android:name
		ADDED from src\main\AndroidManifest.xml:192:13-78
activity#com.menadinteractive.transfertstock.TransfetstockInput
ADDED from src\main\AndroidManifest.xml:196:9-202:66
	android:screenOrientation
		ADDED from src\main\AndroidManifest.xml:201:13-49
	android:label
		ADDED from src\main\AndroidManifest.xml:199:13-45
	android:launchMode
		ADDED from src\main\AndroidManifest.xml:200:13-42
	android:windowSoftInputMode
		ADDED from src\main\AndroidManifest.xml:202:13-54
	android:configChanges
		ADDED from src\main\AndroidManifest.xml:198:13-74
	android:name
		ADDED from src\main\AndroidManifest.xml:197:13-82
activity#com.menadinteractive.segafredo.findcli.FindCliActivity
ADDED from src\main\AndroidManifest.xml:224:9-230:66
	android:screenOrientation
		ADDED from src\main\AndroidManifest.xml:229:13-49
	android:label
		ADDED from src\main\AndroidManifest.xml:227:13-45
	android:launchMode
		ADDED from src\main\AndroidManifest.xml:228:13-42
	android:windowSoftInputMode
		ADDED from src\main\AndroidManifest.xml:230:13-54
	android:configChanges
		ADDED from src\main\AndroidManifest.xml:226:13-74
	android:name
		ADDED from src\main\AndroidManifest.xml:225:13-82
activity#com.menadinteractive.segafredo.findcli.MenuCliActivity
ADDED from src\main\AndroidManifest.xml:231:9-236:61
	android:screenOrientation
		ADDED from src\main\AndroidManifest.xml:236:13-49
	android:label
		ADDED from src\main\AndroidManifest.xml:234:13-45
	android:launchMode
		ADDED from src\main\AndroidManifest.xml:235:13-42
	android:configChanges
		ADDED from src\main\AndroidManifest.xml:233:13-74
	android:name
		ADDED from src\main\AndroidManifest.xml:232:13-82
activity#com.menadinteractive.segafredo.contactcli.ContactCliActivity
ADDED from src\main\AndroidManifest.xml:237:9-243:66
	android:screenOrientation
		ADDED from src\main\AndroidManifest.xml:242:13-49
	android:label
		ADDED from src\main\AndroidManifest.xml:240:13-45
	android:launchMode
		ADDED from src\main\AndroidManifest.xml:241:13-42
	android:windowSoftInputMode
		ADDED from src\main\AndroidManifest.xml:243:13-54
	android:configChanges
		ADDED from src\main\AndroidManifest.xml:239:13-74
	android:name
		ADDED from src\main\AndroidManifest.xml:238:13-88
activity#com.menadinteractive.segafredo.materielclient.PretCategorieMaterielClient
ADDED from src\main\AndroidManifest.xml:244:9-250:66
	android:screenOrientation
		ADDED from src\main\AndroidManifest.xml:249:13-49
	android:label
		ADDED from src\main\AndroidManifest.xml:247:13-45
	android:launchMode
		ADDED from src\main\AndroidManifest.xml:248:13-42
	android:windowSoftInputMode
		ADDED from src\main\AndroidManifest.xml:250:13-54
	android:configChanges
		ADDED from src\main\AndroidManifest.xml:246:13-74
	android:name
		ADDED from src\main\AndroidManifest.xml:245:13-101
activity#com.menadinteractive.segafredo.materielclient.ListingMaterielClient
ADDED from src\main\AndroidManifest.xml:251:9-257:66
	android:screenOrientation
		ADDED from src\main\AndroidManifest.xml:256:13-49
	android:label
		ADDED from src\main\AndroidManifest.xml:254:13-45
	android:launchMode
		ADDED from src\main\AndroidManifest.xml:255:13-42
	android:windowSoftInputMode
		ADDED from src\main\AndroidManifest.xml:257:13-54
	android:configChanges
		ADDED from src\main\AndroidManifest.xml:253:13-74
	android:name
		ADDED from src\main\AndroidManifest.xml:252:13-95
activity#com.menadinteractive.segafredo.materielclient.CommentaireRetourMaterielClient
ADDED from src\main\AndroidManifest.xml:258:9-264:66
	android:screenOrientation
		ADDED from src\main\AndroidManifest.xml:263:13-49
	android:label
		ADDED from src\main\AndroidManifest.xml:261:13-45
	android:launchMode
		ADDED from src\main\AndroidManifest.xml:262:13-42
	android:windowSoftInputMode
		ADDED from src\main\AndroidManifest.xml:264:13-54
	android:configChanges
		ADDED from src\main\AndroidManifest.xml:260:13-74
	android:name
		ADDED from src\main\AndroidManifest.xml:259:13-105
activity#com.menadinteractive.segafredo.contactcli.fichecontactcli
ADDED from src\main\AndroidManifest.xml:265:9-271:66
	android:screenOrientation
		ADDED from src\main\AndroidManifest.xml:270:13-49
	android:label
		ADDED from src\main\AndroidManifest.xml:268:13-45
	android:launchMode
		ADDED from src\main\AndroidManifest.xml:269:13-42
	android:windowSoftInputMode
		ADDED from src\main\AndroidManifest.xml:271:13-54
	android:configChanges
		ADDED from src\main\AndroidManifest.xml:267:13-74
	android:name
		ADDED from src\main\AndroidManifest.xml:266:13-85
activity#com.menadinteractive.segafredo.encaissement.ReglementActivity
ADDED from src\main\AndroidManifest.xml:272:9-278:64
	android:screenOrientation
		ADDED from src\main\AndroidManifest.xml:277:13-49
	android:label
		ADDED from src\main\AndroidManifest.xml:275:13-45
	android:launchMode
		ADDED from src\main\AndroidManifest.xml:276:13-42
	android:windowSoftInputMode
		ADDED from src\main\AndroidManifest.xml:278:13-52
	android:configChanges
		ADDED from src\main\AndroidManifest.xml:274:13-74
	android:name
		ADDED from src\main\AndroidManifest.xml:273:13-89
activity#com.menadinteractive.segafredo.remisebanque.RecapitulatifRemiseEnBanque
ADDED from src\main\AndroidManifest.xml:279:9-285:64
	android:screenOrientation
		ADDED from src\main\AndroidManifest.xml:284:13-49
	android:label
		ADDED from src\main\AndroidManifest.xml:282:13-45
	android:launchMode
		ADDED from src\main\AndroidManifest.xml:283:13-42
	android:windowSoftInputMode
		ADDED from src\main\AndroidManifest.xml:285:13-52
	android:configChanges
		ADDED from src\main\AndroidManifest.xml:281:13-74
	android:name
		ADDED from src\main\AndroidManifest.xml:280:13-99
activity#com.menadinteractive.segafredo.remisebanque.RemiseEnBanque
ADDED from src\main\AndroidManifest.xml:286:9-292:64
	android:screenOrientation
		ADDED from src\main\AndroidManifest.xml:291:13-49
	android:label
		ADDED from src\main\AndroidManifest.xml:289:13-45
	android:launchMode
		ADDED from src\main\AndroidManifest.xml:290:13-42
	android:windowSoftInputMode
		ADDED from src\main\AndroidManifest.xml:292:13-52
	android:configChanges
		ADDED from src\main\AndroidManifest.xml:288:13-74
	android:name
		ADDED from src\main\AndroidManifest.xml:287:13-86
activity#com.menadinteractive.segafredo.encaissement.EncaissementActivity
ADDED from src\main\AndroidManifest.xml:293:9-299:64
	android:screenOrientation
		ADDED from src\main\AndroidManifest.xml:298:13-49
	android:label
		ADDED from src\main\AndroidManifest.xml:296:13-45
	android:launchMode
		ADDED from src\main\AndroidManifest.xml:297:13-42
	android:windowSoftInputMode
		ADDED from src\main\AndroidManifest.xml:299:13-52
	android:configChanges
		ADDED from src\main\AndroidManifest.xml:295:13-74
	android:name
		ADDED from src\main\AndroidManifest.xml:294:13-92
activity#com.menadinteractive.segafredo.encaissement.ValidationAcompte
ADDED from src\main\AndroidManifest.xml:300:9-306:64
	android:screenOrientation
		ADDED from src\main\AndroidManifest.xml:305:13-49
	android:label
		ADDED from src\main\AndroidManifest.xml:303:13-45
	android:launchMode
		ADDED from src\main\AndroidManifest.xml:304:13-42
	android:windowSoftInputMode
		ADDED from src\main\AndroidManifest.xml:306:13-52
	android:configChanges
		ADDED from src\main\AndroidManifest.xml:302:13-74
	android:name
		ADDED from src\main\AndroidManifest.xml:301:13-89
activity#com.menadinteractive.segafredo.encaissement.SignatureActivity
ADDED from src\main\AndroidManifest.xml:307:9-313:64
	android:screenOrientation
		ADDED from src\main\AndroidManifest.xml:312:13-49
	android:label
		ADDED from src\main\AndroidManifest.xml:310:13-45
	android:launchMode
		ADDED from src\main\AndroidManifest.xml:311:13-42
	android:windowSoftInputMode
		ADDED from src\main\AndroidManifest.xml:313:13-52
	android:configChanges
		ADDED from src\main\AndroidManifest.xml:309:13-74
	android:name
		ADDED from src\main\AndroidManifest.xml:308:13-89
activity#com.menadinteractive.histo.HistoDocumentsActivity
ADDED from src\main\AndroidManifest.xml:314:9-320:66
	android:screenOrientation
		ADDED from src\main\AndroidManifest.xml:319:13-49
	android:label
		ADDED from src\main\AndroidManifest.xml:317:13-45
	android:launchMode
		ADDED from src\main\AndroidManifest.xml:318:13-42
	android:windowSoftInputMode
		ADDED from src\main\AndroidManifest.xml:320:13-54
	android:configChanges
		ADDED from src\main\AndroidManifest.xml:316:13-74
	android:name
		ADDED from src\main\AndroidManifest.xml:315:13-77
activity#com.menadinteractive.histo.HistoInterActivity
ADDED from src\main\AndroidManifest.xml:321:9-327:66
	android:screenOrientation
		ADDED from src\main\AndroidManifest.xml:326:13-49
	android:label
		ADDED from src\main\AndroidManifest.xml:324:13-45
	android:launchMode
		ADDED from src\main\AndroidManifest.xml:325:13-42
	android:windowSoftInputMode
		ADDED from src\main\AndroidManifest.xml:327:13-54
	android:configChanges
		ADDED from src\main\AndroidManifest.xml:323:13-74
	android:name
		ADDED from src\main\AndroidManifest.xml:322:13-73
activity#com.menadinteractive.histo.HistoDocumentsLignesActivity
ADDED from src\main\AndroidManifest.xml:328:9-334:66
	android:screenOrientation
		ADDED from src\main\AndroidManifest.xml:333:13-49
	android:label
		ADDED from src\main\AndroidManifest.xml:331:13-45
	android:launchMode
		ADDED from src\main\AndroidManifest.xml:332:13-42
	android:windowSoftInputMode
		ADDED from src\main\AndroidManifest.xml:334:13-54
	android:configChanges
		ADDED from src\main\AndroidManifest.xml:330:13-74
	android:name
		ADDED from src\main\AndroidManifest.xml:329:13-83
activity#com.menadinteractive.histo.FacturesDuesActivity
ADDED from src\main\AndroidManifest.xml:335:9-341:66
	android:screenOrientation
		ADDED from src\main\AndroidManifest.xml:340:13-49
	android:label
		ADDED from src\main\AndroidManifest.xml:338:13-45
	android:launchMode
		ADDED from src\main\AndroidManifest.xml:339:13-42
	android:windowSoftInputMode
		ADDED from src\main\AndroidManifest.xml:341:13-54
	android:configChanges
		ADDED from src\main\AndroidManifest.xml:337:13-74
	android:name
		ADDED from src\main\AndroidManifest.xml:336:13-75
activity#com.menadinteractive.agendanem.AgendaListActivity
ADDED from src\main\AndroidManifest.xml:342:9-348:66
	android:screenOrientation
		ADDED from src\main\AndroidManifest.xml:347:13-49
	android:label
		ADDED from src\main\AndroidManifest.xml:345:13-45
	android:launchMode
		ADDED from src\main\AndroidManifest.xml:346:13-42
	android:windowSoftInputMode
		ADDED from src\main\AndroidManifest.xml:348:13-54
	android:configChanges
		ADDED from src\main\AndroidManifest.xml:344:13-74
	android:name
		ADDED from src\main\AndroidManifest.xml:343:13-77
activity#com.menadinteractive.agendanem.AgendaViewActivity
ADDED from src\main\AndroidManifest.xml:349:9-355:66
	android:screenOrientation
		ADDED from src\main\AndroidManifest.xml:354:13-49
	android:label
		ADDED from src\main\AndroidManifest.xml:352:13-45
	android:launchMode
		ADDED from src\main\AndroidManifest.xml:353:13-42
	android:windowSoftInputMode
		ADDED from src\main\AndroidManifest.xml:355:13-54
	android:configChanges
		ADDED from src\main\AndroidManifest.xml:351:13-74
	android:name
		ADDED from src\main\AndroidManifest.xml:350:13-77
activity#com.menadinteractive.commentaire.CommentaireActivity
ADDED from src\main\AndroidManifest.xml:356:9-362:66
	android:screenOrientation
		ADDED from src\main\AndroidManifest.xml:361:13-49
	android:label
		ADDED from src\main\AndroidManifest.xml:359:13-45
	android:launchMode
		ADDED from src\main\AndroidManifest.xml:360:13-42
	android:windowSoftInputMode
		ADDED from src\main\AndroidManifest.xml:362:13-54
	android:configChanges
		ADDED from src\main\AndroidManifest.xml:358:13-74
	android:name
		ADDED from src\main\AndroidManifest.xml:357:13-80
activity#com.menadinteractive.histo.InterventionActivity
ADDED from src\main\AndroidManifest.xml:363:9-369:66
	android:screenOrientation
		ADDED from src\main\AndroidManifest.xml:368:13-49
	android:label
		ADDED from src\main\AndroidManifest.xml:366:13-45
	android:launchMode